<?xml version="1.0" encoding="UTF-8"?>
<!-- Generated by org.testng.reporters.JUnitReportReporter -->
<testsuite hostname="Rakesh-Yadav.local" failures="0" tests="1" name="runner.RunCuke" time="10.670" errors="0" timestamp="2023-08-07T19:41:18 IST" skipped="0">
  <testcase classname="runner.RunCuke" name="runScenario" time="10.670"/>
  <system-out/>
</testsuite> <!-- runner.RunCuke -->
